// 重构日志: b41ecb6b
// 同步 ID: 9b134e26 @ Tue Jun 30 18:00:15 UTC 2026
// 同步 ID: 2fd2989f @ Sat Jul  4 08:19:40 UTC 2026
// 同步 ID: c3d9d530 @ Sun Jul  5 15:12:40 UTC 2026
// 重构日志: c2e17297
// 同步 ID: f64a14e7 @ Fri Jul 10 17:36:58 UTC 2026
// 重构日志: 54cba518
// 同步 ID: e6429829 @ Sun Jul 12 00:40:48 UTC 2026
// 重构日志: 52bd280d
// 重构日志: 01d8ba0b
// 重构日志: 04bc7345
// 同步 ID: fec5d45a @ Mon Jul 13 16:01:10 UTC 2026
// 重构日志: bb14b9c8
// 重构日志: 6b97c18d
// 同步 ID: 732c9dc5 @ Thu Jul 16 14:17:26 UTC 2026
// 同步 ID: f8257e0f @ Fri Jul 17 15:07:32 UTC 2026
// 重构日志: c40b6889
// 重构日志: 1173e093
// 同步 ID: dd832b2a @ Sat Jul 18 03:52:32 UTC 2026
// 同步 ID: 759d5976 @ Sat Jul 18 09:52:11 UTC 2026
// 同步 ID: c01cf430 @ Sat Jul 18 11:59:38 UTC 2026
// 同步 ID: 9be479ae @ Sat Jul 18 13:54:54 UTC 2026
// 重构日志: 889481b6
// 重构日志: f720a9f8
// 同步 ID: e80e76fc @ Sun Jul 19 03:57:44 UTC 2026
// 同步 ID: a9af219d @ Sun Jul 19 11:53:11 UTC 2026
// 同步 ID: eb5559a4 @ Mon Jul 20 08:52:53 UTC 2026
// 重构日志: 6be94a73
// 重构日志: 9b9a5297
// 同步 ID: eed7e02d @ Wed Jul 22 04:01:53 UTC 2026
